#568342	REDUCE cov: 784 ft: 2573 corp: 25/681b lim: 4096 exec/s: 317 rss: 131Mb L: 15/98 MS: 1 EraseBytes-

#1048576	pulse  cov: 785 ft: 2669 corp: 27/685b lim: 4096 exec/s: 313 rss: 136Mb

#1547135	NEW    cov: 796 ft: 2835 corp: 31/4819b lim: 4096 exec/s: 309 rss: 177Mb L: 7/4096 MS: 1 ShuffleBytes-

#2097152	pulse  cov: 796 ft: 2845 corp: 32/4890b lim: 4096 exec/s: 309 rss: 183Mb

#2097152	pulse  cov: 796 ft: 2845 corp: 32/4890b lim: 4096 exec/s: 309 rss: 183Mb

#2097152	pulse  cov: 796 ft: 2845 corp: 32/4890b lim: 4096 exec/s: 309 rss: 183Mb

#3785732	NEW    cov: 796 ft: 2916 corp: 35/5170b lim: 4096 exec/s: 307 rss: 269Mb L: 33/4096 MS: 5 EraseBytes-ChangeBit-EraseBytes-ShuffleBytes-PersAutoDict- DE: "line"-

#4194304	pulse  cov: 796 ft: 2916 corp: 35/5170b lim: 4096 exec/s: 305 rss: 277Mb

#4194304	pulse  cov: 796 ft: 2916 corp: 35/5170b lim: 4096 exec/s: 305 rss: 277Mb

#4194304	pulse  cov: 796 ft: 2916 corp: 35/5170b lim: 4096 exec/s: 305 rss: 277Mb

#4194304	pulse  cov: 796 ft: 2916 corp: 35/5170b lim: 4096 exec/s: 305 rss: 277Mb

#6163287	REDUCE cov: 796 ft: 2916 corp: 35/5169b lim: 4096 exec/s: 300 rss: 451Mb L: 3/4096 MS: 5 EraseBytes-ChangeBit-ChangeBit-CopyPart-PersAutoDict- DE: "EN"-

#6163287	REDUCE cov: 796 ft: 2916 corp: 35/5169b lim: 4096 exec/s: 300 rss: 451Mb L: 3/4096 MS: 5 EraseBytes-ChangeBit-ChangeBit-CopyPart-PersAutoDict- DE: "EN"-

#7251351	NEW    cov: 796 ft: 2921 corp: 36/5192b lim: 4096 exec/s: 299 rss: 451Mb L: 23/4096 MS: 4 EraseBytes-InsertByte-EraseBytes-CrossOver-

#7251351	NEW    cov: 796 ft: 2921 corp: 36/5192b lim: 4096 exec/s: 299 rss: 451Mb L: 23/4096 MS: 4 EraseBytes-InsertByte-EraseBytes-CrossOver-

#8388608	pulse  cov: 796 ft: 2921 corp: 36/5192b lim: 4096 exec/s: 297 rss: 472Mb

#8388608	pulse  cov: 796 ft: 2921 corp: 36/5192b lim: 4096 exec/s: 297 rss: 472Mb

#8388608	pulse  cov: 796 ft: 2921 corp: 36/5192b lim: 4096 exec/s: 297 rss: 472Mb

#8388608	pulse  cov: 796 ft: 2921 corp: 36/5192b lim: 4096 exec/s: 297 rss: 472Mb

#10637873	REDUCE cov: 796 ft: 2935 corp: 39/5260b lim: 4096 exec/s: 295 rss: 816Mb L: 25/4096 MS: 3 InsertByte-InsertByte-EraseBytes-

#10676810	REDUCE cov: 796 ft: 2935 corp: 39/5222b lim: 4096 exec/s: 295 rss: 816Mb L: 5/4096 MS: 1 EraseBytes-

#10676810	REDUCE cov: 796 ft: 2935 corp: 39/5222b lim: 4096 exec/s: 295 rss: 816Mb L: 5/4096 MS: 1 EraseBytes-

#10676810	REDUCE cov: 796 ft: 2935 corp: 39/5222b lim: 4096 exec/s: 295 rss: 816Mb L: 5/4096 MS: 1 EraseBytes-

#10676810	REDUCE cov: 796 ft: 2935 corp: 39/5222b lim: 4096 exec/s: 295 rss: 816Mb L: 5/4096 MS: 1 EraseBytes-

#10676810	REDUCE cov: 796 ft: 2935 corp: 39/5222b lim: 4096 exec/s: 295 rss: 816Mb L: 5/4096 MS: 1 EraseBytes-

#10676810	REDUCE cov: 796 ft: 2935 corp: 39/5222b lim: 4096 exec/s: 295 rss: 816Mb L: 5/4096 MS: 1 EraseBytes-

#10676810	REDUCE cov: 796 ft: 2935 corp: 39/5222b lim: 4096 exec/s: 295 rss: 816Mb L: 5/4096 MS: 1 EraseBytes-

#10676810	REDUCE cov: 796 ft: 2935 corp: 39/5222b lim: 4096 exec/s: 295 rss: 816Mb L: 5/4096 MS: 1 EraseBytes-

#10676810	REDUCE cov: 796 ft: 2935 corp: 39/5222b lim: 4096 exec/s: 295 rss: 816Mb L: 5/4096 MS: 1 EraseBytes-

#10676810	REDUCE cov: 796 ft: 2935 corp: 39/5222b lim: 4096 exec/s: 295 rss: 816Mb L: 5/4096 MS: 1 EraseBytes-

#10676810	REDUCE cov: 796 ft: 2935 corp: 39/5222b lim: 4096 exec/s: 295 rss: 816Mb L: 5/4096 MS: 1 EraseBytes-

#16777216	pulse  cov: 796 ft: 2935 corp: 39/5222b lim: 4096 exec/s: 297 rss: 863Mb

#16777216	pulse  cov: 796 ft: 2935 corp: 39/5222b lim: 4096 exec/s: 297 rss: 863Mb

#16777216	pulse  cov: 796 ft: 2935 corp: 39/5222b lim: 4096 exec/s: 297 rss: 863Mb

#16777216	pulse  cov: 796 ft: 2935 corp: 39/5222b lim: 4096 exec/s: 297 rss: 863Mb

#16777216	pulse  cov: 796 ft: 2935 corp: 39/5222b lim: 4096 exec/s: 297 rss: 863Mb

#16777216	pulse  cov: 796 ft: 2935 corp: 39/5222b lim: 4096 exec/s: 297 rss: 863Mb

#16777216	pulse  cov: 796 ft: 2935 corp: 39/5222b lim: 4096 exec/s: 297 rss: 863Mb

#16777216	pulse  cov: 796 ft: 2935 corp: 39/5222b lim: 4096 exec/s: 297 rss: 863Mb

#16777216	pulse  cov: 796 ft: 2935 corp: 39/5222b lim: 4096 exec/s: 297 rss: 863Mb

#16777216	pulse  cov: 796 ft: 2935 corp: 39/5222b lim: 4096 exec/s: 297 rss: 863Mb

#16777216	pulse  cov: 796 ft: 2935 corp: 39/5222b lim: 4096 exec/s: 297 rss: 863Mb

#16777216	pulse  cov: 796 ft: 2935 corp: 39/5222b lim: 4096 exec/s: 297 rss: 863Mb

#16777216	pulse  cov: 796 ft: 2935 corp: 39/5222b lim: 4096 exec/s: 297 rss: 863Mb

#16777216	pulse  cov: 796 ft: 2935 corp: 39/5222b lim: 4096 exec/s: 297 rss: 863Mb

#16777216	pulse  cov: 796 ft: 2935 corp: 39/5222b lim: 4096 exec/s: 297 rss: 863Mb

#25121749	NEW    cov: 799 ft: 2946 corp: 40/5241b lim: 4096 exec/s: 297 rss: 1545Mb L: 19/4096 MS: 4 ChangeBit-InsertByte-PersAutoDict-CopyPart- DE: "KE"-

#25121749	NEW    cov: 799 ft: 2946 corp: 40/5241b lim: 4096 exec/s: 297 rss: 1545Mb L: 19/4096 MS: 4 ChangeBit-InsertByte-PersAutoDict-CopyPart- DE: "KE"-

#25121749	NEW    cov: 799 ft: 2946 corp: 40/5241b lim: 4096 exec/s: 297 rss: 1545Mb L: 19/4096 MS: 4 ChangeBit-InsertByte-PersAutoDict-CopyPart- DE: "KE"-

#25121749	NEW    cov: 799 ft: 2946 corp: 40/5241b lim: 4096 exec/s: 297 rss: 1545Mb L: 19/4096 MS: 4 ChangeBit-InsertByte-PersAutoDict-CopyPart- DE: "KE"-

#25121749	NEW    cov: 799 ft: 2946 corp: 40/5241b lim: 4096 exec/s: 297 rss: 1545Mb L: 19/4096 MS: 4 ChangeBit-InsertByte-PersAutoDict-CopyPart- DE: "KE"-

#25121749	NEW    cov: 799 ft: 2946 corp: 40/5241b lim: 4096 exec/s: 297 rss: 1545Mb L: 19/4096 MS: 4 ChangeBit-InsertByte-PersAutoDict-CopyPart- DE: "KE"-

#25121749	NEW    cov: 799 ft: 2946 corp: 40/5241b lim: 4096 exec/s: 297 rss: 1545Mb L: 19/4096 MS: 4 ChangeBit-InsertByte-PersAutoDict-CopyPart- DE: "KE"-

#25121749	NEW    cov: 799 ft: 2946 corp: 40/5241b lim: 4096 exec/s: 297 rss: 1545Mb L: 19/4096 MS: 4 ChangeBit-InsertByte-PersAutoDict-CopyPart- DE: "KE"-

#25121749	NEW    cov: 799 ft: 2946 corp: 40/5241b lim: 4096 exec/s: 297 rss: 1545Mb L: 19/4096 MS: 4 ChangeBit-InsertByte-PersAutoDict-CopyPart- DE: "KE"-

