#991242	REDUCE cov: 1072 ft: 1647 corp: 60/9880b lim: 4096 exec/s: 553 rss: 59Mb L: 27/964 MS: 1 EraseBytes-

#1867658	REDUCE cov: 1072 ft: 1647 corp: 60/9113b lim: 4096 exec/s: 519 rss: 59Mb L: 52/957 MS: 1 EraseBytes-

#2728524	REDUCE cov: 1072 ft: 1647 corp: 60/8790b lim: 4096 exec/s: 508 rss: 59Mb L: 476/948 MS: 4 CopyPart-ShuffleBytes-PersAutoDict-EraseBytes- DE: "sybase"-

#3596499	REDUCE cov: 1072 ft: 1647 corp: 60/8593b lim: 4096 exec/s: 500 rss: 59Mb L: 159/948 MS: 1 EraseBytes-

#4449132	REDUCE cov: 1072 ft: 1647 corp: 60/8355b lim: 4096 exec/s: 495 rss: 59Mb L: 381/947 MS: 1 EraseBytes-

#5331269	REDUCE cov: 1072 ft: 1647 corp: 60/8254b lim: 4096 exec/s: 495 rss: 59Mb L: 132/947 MS: 1 EraseBytes-

#6195997	REDUCE cov: 1072 ft: 1647 corp: 60/8187b lim: 4096 exec/s: 492 rss: 59Mb L: 47/941 MS: 1 EraseBytes-

#7051152	REDUCE cov: 1072 ft: 1647 corp: 60/8140b lim: 4096 exec/s: 491 rss: 59Mb L: 879/941 MS: 3 EraseBytes-ChangeBit-CopyPart-

#7928075	REDUCE cov: 1072 ft: 1647 corp: 60/8009b lim: 4096 exec/s: 490 rss: 59Mb L: 110/927 MS: 2 ChangeASCIIInt-EraseBytes-

#8799386	REDUCE cov: 1072 ft: 1647 corp: 60/7958b lim: 4096 exec/s: 491 rss: 59Mb L: 442/927 MS: 1 EraseBytes-

#9695047	REDUCE cov: 1072 ft: 1647 corp: 60/7914b lim: 4096 exec/s: 489 rss: 59Mb L: 817/924 MS: 2 EraseBytes-CopyPart-

#10557622	REDUCE cov: 1072 ft: 1647 corp: 60/7863b lim: 4096 exec/s: 488 rss: 59Mb L: 901/901 MS: 1 EraseBytes-

#11146591	REDUCE cov: 1072 ft: 1647 corp: 60/7828b lim: 4096 exec/s: 488 rss: 59Mb L: 887/901 MS: 3 ChangeASCIIInt-EraseBytes-CopyPart-

#12059976	REDUCE cov: 1072 ft: 1647 corp: 60/7801b lim: 4096 exec/s: 487 rss: 59Mb L: 105/901 MS: 2 EraseBytes-CopyPart-

#13130823	REDUCE cov: 1072 ft: 1647 corp: 60/7767b lim: 4096 exec/s: 486 rss: 59Mb L: 452/893 MS: 1 EraseBytes-

#13982557	REDUCE cov: 1072 ft: 1647 corp: 60/7711b lim: 4096 exec/s: 485 rss: 59Mb L: 790/885 MS: 2 CopyPart-EraseBytes-

#14600993	REDUCE cov: 1072 ft: 1647 corp: 60/7674b lim: 4096 exec/s: 482 rss: 59Mb L: 858/866 MS: 4 EraseBytes-ShuffleBytes-ShuffleBytes-CrossOver-

#15558839	REDUCE cov: 1072 ft: 1647 corp: 60/7618b lim: 4096 exec/s: 481 rss: 59Mb L: 833/862 MS: 3 ChangeBit-EraseBytes-CrossOver-

#16331430	REDUCE cov: 1072 ft: 1647 corp: 60/7564b lim: 4096 exec/s: 481 rss: 59Mb L: 822/850 MS: 4 ChangeByte-EraseBytes-ChangeBit-CopyPart-

#17205246	REDUCE cov: 1072 ft: 1647 corp: 60/7529b lim: 4096 exec/s: 480 rss: 59Mb L: 3/839 MS: 2 CopyPart-EraseBytes-

#17988452	REDUCE cov: 1072 ft: 1647 corp: 60/7504b lim: 4096 exec/s: 480 rss: 59Mb L: 811/834 MS: 3 ChangeBinInt-PersAutoDict-CrossOver- DE: "\x0b\x00\x00\x00\x00\x00\x00\x00"-

#18816383	REDUCE cov: 1072 ft: 1647 corp: 60/7501b lim: 4096 exec/s: 479 rss: 59Mb L: 265/834 MS: 4 ChangeBit-EraseBytes-CopyPart-EraseBytes-

#19802797	REDUCE cov: 1072 ft: 1647 corp: 60/7480b lim: 4096 exec/s: 478 rss: 59Mb L: 1/831 MS: 1 EraseBytes-

#20330585	REDUCE cov: 1072 ft: 1647 corp: 60/7457b lim: 4096 exec/s: 478 rss: 59Mb L: 349/822 MS: 1 EraseBytes-

#21183082	REDUCE cov: 1072 ft: 1647 corp: 60/7426b lim: 4096 exec/s: 477 rss: 59Mb L: 429/809 MS: 1 EraseBytes-

#22283316	REDUCE cov: 1072 ft: 1647 corp: 60/7397b lim: 4096 exec/s: 477 rss: 59Mb L: 804/804 MS: 1 EraseBytes-

#23108019	REDUCE cov: 1072 ft: 1647 corp: 60/7378b lim: 4096 exec/s: 477 rss: 59Mb L: 797/804 MS: 2 CopyPart-EraseBytes-

#23996558	REDUCE cov: 1072 ft: 1647 corp: 60/7332b lim: 4096 exec/s: 477 rss: 59Mb L: 195/802 MS: 2 CopyPart-EraseBytes-

#24734504	REDUCE cov: 1072 ft: 1647 corp: 60/7307b lim: 4096 exec/s: 476 rss: 59Mb L: 770/802 MS: 4 ChangeByte-CrossOver-ChangeASCIIInt-CrossOver-

#25650120	REDUCE cov: 1072 ft: 1647 corp: 60/7300b lim: 4096 exec/s: 476 rss: 59Mb L: 415/802 MS: 2 ChangeBinInt-EraseBytes-

#26542527	REDUCE cov: 1072 ft: 1647 corp: 60/7275b lim: 4096 exec/s: 476 rss: 59Mb L: 761/801 MS: 1 EraseBytes-

#27252921	REDUCE cov: 1072 ft: 1647 corp: 60/7262b lim: 4096 exec/s: 476 rss: 59Mb L: 785/801 MS: 2 ChangeByte-CrossOver-

#27767793	REDUCE cov: 1072 ft: 1647 corp: 60/7261b lim: 4096 exec/s: 476 rss: 59Mb L: 779/801 MS: 2 ChangeBit-EraseBytes-

#29127738	REDUCE cov: 1072 ft: 1647 corp: 60/7247b lim: 4096 exec/s: 476 rss: 59Mb L: 408/800 MS: 2 CopyPart-EraseBytes-

#29809629	REDUCE cov: 1072 ft: 1647 corp: 60/7246b lim: 4096 exec/s: 476 rss: 59Mb L: 419/800 MS: 1 EraseBytes-

#30824003	REDUCE cov: 1072 ft: 1647 corp: 60/7237b lim: 4096 exec/s: 475 rss: 59Mb L: 783/800 MS: 2 CopyPart-EraseBytes-

#31275871	REDUCE cov: 1072 ft: 1647 corp: 60/7234b lim: 4096 exec/s: 475 rss: 59Mb L: 780/800 MS: 3 CrossOver-ShuffleBytes-EraseBytes-

#32148015	REDUCE cov: 1072 ft: 1647 corp: 60/7225b lim: 4096 exec/s: 475 rss: 59Mb L: 758/800 MS: 1 EraseBytes-

#33147592	REDUCE cov: 1072 ft: 1647 corp: 60/7218b lim: 4096 exec/s: 474 rss: 59Mb L: 798/798 MS: 1 EraseBytes-

#34141889	REDUCE cov: 1072 ft: 1647 corp: 60/7195b lim: 4096 exec/s: 474 rss: 59Mb L: 407/797 MS: 2 ChangeBit-EraseBytes-

#34945246	REDUCE cov: 1072 ft: 1647 corp: 60/7173b lim: 4096 exec/s: 474 rss: 59Mb L: 32/797 MS: 3 ChangeBinInt-EraseBytes-CopyPart-

#35746526	REDUCE cov: 1072 ft: 1647 corp: 60/7170b lim: 4096 exec/s: 473 rss: 59Mb L: 402/797 MS: 5 ChangeByte-ChangeByte-InsertByte-CrossOver-CrossOver-

#36440362	REDUCE cov: 1072 ft: 1647 corp: 60/7158b lim: 4096 exec/s: 473 rss: 59Mb L: 411/793 MS: 1 EraseBytes-

#37034717	REDUCE cov: 1072 ft: 1647 corp: 60/7154b lim: 4096 exec/s: 472 rss: 59Mb L: 770/793 MS: 4 CopyPart-EraseBytes-ChangeBinInt-CrossOver-

#38061005	REDUCE cov: 1072 ft: 1647 corp: 60/7127b lim: 4096 exec/s: 472 rss: 59Mb L: 412/784 MS: 1 EraseBytes-

#38597683	REDUCE cov: 1072 ft: 1647 corp: 60/7120b lim: 4096 exec/s: 471 rss: 59Mb L: 745/783 MS: 1 EraseBytes-

#39309307	REDUCE cov: 1072 ft: 1647 corp: 60/7115b lim: 4096 exec/s: 471 rss: 59Mb L: 766/783 MS: 1 EraseBytes-

#40251790	REDUCE cov: 1072 ft: 1647 corp: 60/7111b lim: 4096 exec/s: 471 rss: 59Mb L: 394/783 MS: 1 EraseBytes-

#41378572	REDUCE cov: 1072 ft: 1647 corp: 60/7087b lim: 4096 exec/s: 471 rss: 59Mb L: 749/781 MS: 2 CopyPart-EraseBytes-

